<?xml version="1.0" encoding="UTF-8"?>
<!-- Generated by org.testng.reporters.JUnitReportReporter -->
<testsuite skipped="0" hostname="DESKTOP-CF8DFVM" name="org.Facebook.FacebookLogin" tests="1" failures="0" timestamp="03 Nov 2021 04:49:02 GMT" time="3.972" errors="0">
  <testcase name="main" time="3.972" classname="org.Facebook.FacebookLogin"/>
</testsuite> <!-- org.Facebook.FacebookLogin -->
